<?xml version="1.0" encoding="UTF-8"?>
<!-- Generated by org.testng.reporters.JUnitXMLReporter -->
<testsuite ignored="0" hostname="DESKTOP-6P2638K" failures="0" tests="13" name="Default test" time="29.076" errors="0" timestamp="2024-01-21T14:17:06 IST">
  <testcase classname="petstore.tests.PetModuleTests" name="addPet" time="4.356"/>
  <testcase classname="petstore.tests.PetModuleTests" name="addPet" time="1.623"/>
  <testcase classname="petstore.tests.PetModuleTests" name="fetchingPetWithPetId" time="1.559"/>
  <testcase classname="petstore.tests.PetModuleTests" name="fetchingPetWithPetId" time="1.838"/>
  <testcase classname="petstore.tests.PetModuleTests" name="fetchingPetWithStatus" time="2.098"/>
  <testcase classname="petstore.tests.PetModuleTests" name="updatingPet" time="1.613"/>
  <testcase classname="petstore.tests.PetModuleTests" name="updatingPet" time="1.55"/>
  <testcase classname="petstore.tests.PetModuleTests" name="updatingPetFormData" time="2.673"/>
  <testcase classname="petstore.tests.PetModuleTests" name="updatingPetFormData" time="1.576"/>
  <testcase classname="petstore.tests.PetModuleTests" name="uploadingPetImage" time="2.579"/>
  <testcase classname="petstore.tests.PetModuleTests" name="uploadingPetImage" time="2.411"/>
  <testcase classname="petstore.tests.PetModuleTests" name="deletingPet" time="1.517"/>
  <testcase classname="petstore.tests.PetModuleTests" name="deletingPet" time="1.532"/>
</testsuite> <!-- Default test -->
