<?xml version="1.0" encoding="UTF-8"?>
<!-- Generated by org.testng.reporters.JUnitXMLReporter -->
<testsuite ignored="0" hostname="DESKTOP-6P2638K" failures="0" tests="13" name="Pet Module Test" time="23.025" errors="0" timestamp="2024-01-21T14:20:52 IST">
  <testcase classname="petstore.tests.PetModuleTests" name="addPet" time="1.58"/>
  <testcase classname="petstore.tests.PetModuleTests" name="addPet" time="1.621"/>
  <testcase classname="petstore.tests.PetModuleTests" name="fetchingPetWithPetId" time="1.429"/>
  <testcase classname="petstore.tests.PetModuleTests" name="fetchingPetWithPetId" time="1.585"/>
  <testcase classname="petstore.tests.PetModuleTests" name="fetchingPetWithStatus" time="1.997"/>
  <testcase classname="petstore.tests.PetModuleTests" name="updatingPet" time="1.554"/>
  <testcase classname="petstore.tests.PetModuleTests" name="updatingPet" time="1.533"/>
  <testcase classname="petstore.tests.PetModuleTests" name="updatingPetFormData" time="1.659"/>
  <testcase classname="petstore.tests.PetModuleTests" name="updatingPetFormData" time="1.602"/>
  <testcase classname="petstore.tests.PetModuleTests" name="uploadingPetImage" time="2.669"/>
  <testcase classname="petstore.tests.PetModuleTests" name="uploadingPetImage" time="2.15"/>
  <testcase classname="petstore.tests.PetModuleTests" name="deletingPet" time="1.694"/>
  <testcase classname="petstore.tests.PetModuleTests" name="deletingPet" time="1.604"/>
</testsuite> <!-- Pet Module Test -->
