<?xml version="1.0" encoding="UTF-8"?>
<!-- Generated by org.testng.reporters.JUnitXMLReporter -->
<testsuite ignored="0" hostname="DESKTOP-6P2638K" failures="0" tests="15" name="Test" time="26.506" errors="0" timestamp="2024-01-20T22:28:51 IST">
  <testcase classname="petstore.tests.UserModuleTests" name="creatingUser" time="4.131"/>
  <testcase classname="petstore.tests.UserModuleTests" name="creatingUser" time="1.325"/>
  <testcase classname="petstore.tests.UserModuleTests" name="fetchingUserwithUsername" time="1.523"/>
  <testcase classname="petstore.tests.UserModuleTests" name="fetchingUserwithUsername" time="1.426"/>
  <testcase classname="petstore.tests.UserModuleTests" name="updatingUserwithUsername" time="2.36"/>
  <testcase classname="petstore.tests.UserModuleTests" name="updatingUserwithUsername" time="2.402"/>
  <testcase classname="petstore.tests.UserModuleTests" name="deletingUserwithUsername" time="1.144"/>
  <testcase classname="petstore.tests.UserModuleTests" name="deletingUserwithUsername" time="1.283"/>
  <testcase classname="petstore.tests.StoreModuleTests" name="creatingUser" time="1.205"/>
  <testcase classname="petstore.tests.StoreModuleTests" name="creatingUser" time="1.486"/>
  <testcase classname="petstore.tests.StoreModuleTests" name="fetchingOrderwithOrderID" time="1.233"/>
  <testcase classname="petstore.tests.StoreModuleTests" name="fetchingOrderwithOrderID" time="1.191"/>
  <testcase classname="petstore.tests.StoreModuleTests" name="deletingOrderwithOrderID" time="1.348"/>
  <testcase classname="petstore.tests.StoreModuleTests" name="deletingOrderwithOrderID" time="1.374"/>
  <testcase classname="petstore.tests.StoreModuleTests" name="petInventory" time="1.217"/>
</testsuite> <!-- Test -->
