<?xml version="1.0" encoding="UTF-8"?>
<!-- Generated by org.testng.reporters.JUnitXMLReporter -->
<testsuite ignored="0" hostname="DESKTOP-6P2638K" failures="0" tests="8" name="User Module Test" time="22.12" errors="0" timestamp="2024-01-21T14:20:17 IST">
  <testcase classname="petstore.tests.UserModuleTests" name="creatingUser" time="4.787"/>
  <testcase classname="petstore.tests.UserModuleTests" name="creatingUser" time="1.651"/>
  <testcase classname="petstore.tests.UserModuleTests" name="fetchingUserwithUsername" time="1.607"/>
  <testcase classname="petstore.tests.UserModuleTests" name="fetchingUserwithUsername" time="1.954"/>
  <testcase classname="petstore.tests.UserModuleTests" name="updatingUserwithUsername" time="3.268"/>
  <testcase classname="petstore.tests.UserModuleTests" name="updatingUserwithUsername" time="3.515"/>
  <testcase classname="petstore.tests.UserModuleTests" name="deletingUserwithUsername" time="1.58"/>
  <testcase classname="petstore.tests.UserModuleTests" name="deletingUserwithUsername" time="1.745"/>
</testsuite> <!-- User Module Test -->
