<?xml version="1.0" encoding="UTF-8"?>
<testng-results ignored="0" total="28" passed="28" failed="0" skipped="0">
  <reporter-output>
  </reporter-output>
  <suite started-at="2024-01-21T14:19:55 IST" name="Suite" finished-at="2024-01-21T14:20:52 IST" duration-ms="57410">
    <groups>
    </groups>
    <test started-at="2024-01-21T14:19:55 IST" name="User Module Test" finished-at="2024-01-21T14:20:17 IST" duration-ms="22120">
      <class name="petstore.tests.UserModuleTests">
        <test-method is-config="true" signature="setUp()[pri:0, instance:petstore.tests.UserModuleTests@6eda5c9]" started-at="2024-01-21T14:19:55 IST" name="setUp" finished-at="2024-01-21T14:19:56 IST" duration-ms="580" status="PASS">
          <reporter-output>
          </reporter-output>
        </test-method> <!-- setUp -->
        <test-method signature="creatingUser(java.util.HashMap)[pri:1, instance:petstore.tests.UserModuleTests@6eda5c9]" started-at="2024-01-21T14:19:56 IST" name="creatingUser" data-provider="getData" finished-at="2024-01-21T14:20:01 IST" duration-ms="4787" status="PASS">
          <params>
            <param index="0">
              <value>
                <![CDATA[{updatedemail=ana@hotmail.com, firstname=ana, password=qwerty12, userStatus=0, updateduserStatus=1, phone=8697926110, updatedphone=8697926111, id=1234, email=ana@gmail.com, username=user1, lastname=deb}]]>
              </value>
            </param>
          </params>
          <reporter-output>
          </reporter-output>
        </test-method> <!-- creatingUser -->
        <test-method signature="creatingUser(java.util.HashMap)[pri:1, instance:petstore.tests.UserModuleTests@6eda5c9]" started-at="2024-01-21T14:20:01 IST" name="creatingUser" data-provider="getData" finished-at="2024-01-21T14:20:03 IST" duration-ms="1651" status="PASS">
          <params>
            <param index="0">
              <value>
                <![CDATA[{updatedemail=aba@hotmail.com, firstname=aba, password=qwerty13, userStatus=0, updateduserStatus=1, phone=943318412, updatedphone=9433185413, id=5896, email=aba@gmail.com, username=user2, lastname=roy}]]>
              </value>
            </param>
          </params>
          <reporter-output>
          </reporter-output>
        </test-method> <!-- creatingUser -->
        <test-method signature="fetchingUserwithUsername(java.util.HashMap)[pri:2, instance:petstore.tests.UserModuleTests@6eda5c9]" started-at="2024-01-21T14:20:03 IST" name="fetchingUserwithUsername" data-provider="getData" finished-at="2024-01-21T14:20:04 IST" duration-ms="1607" status="PASS">
          <params>
            <param index="0">
              <value>
                <![CDATA[{updatedemail=ana@hotmail.com, firstname=ana, password=qwerty12, userStatus=0, updateduserStatus=1, phone=8697926110, updatedphone=8697926111, id=1234, email=ana@gmail.com, username=user1, lastname=deb}]]>
              </value>
            </param>
          </params>
          <reporter-output>
          </reporter-output>
        </test-method> <!-- fetchingUserwithUsername -->
        <test-method signature="fetchingUserwithUsername(java.util.HashMap)[pri:2, instance:petstore.tests.UserModuleTests@6eda5c9]" started-at="2024-01-21T14:20:04 IST" name="fetchingUserwithUsername" data-provider="getData" finished-at="2024-01-21T14:20:06 IST" duration-ms="1954" status="PASS">
          <params>
            <param index="0">
              <value>
                <![CDATA[{updatedemail=aba@hotmail.com, firstname=aba, password=qwerty13, userStatus=0, updateduserStatus=1, phone=943318412, updatedphone=9433185413, id=5896, email=aba@gmail.com, username=user2, lastname=roy}]]>
              </value>
            </param>
          </params>
          <reporter-output>
          </reporter-output>
        </test-method> <!-- fetchingUserwithUsername -->
        <test-method signature="updatingUserwithUsername(java.util.HashMap)[pri:3, instance:petstore.tests.UserModuleTests@6eda5c9]" started-at="2024-01-21T14:20:06 IST" name="updatingUserwithUsername" data-provider="getData" finished-at="2024-01-21T14:20:10 IST" duration-ms="3268" status="PASS">
          <params>
            <param index="0">
              <value>
                <![CDATA[{updatedemail=ana@hotmail.com, firstname=ana, password=qwerty12, userStatus=0, updateduserStatus=1, phone=8697926110, updatedphone=8697926111, id=1234, email=ana@gmail.com, username=user1, lastname=deb}]]>
              </value>
            </param>
          </params>
          <reporter-output>
          </reporter-output>
        </test-method> <!-- updatingUserwithUsername -->
        <test-method signature="updatingUserwithUsername(java.util.HashMap)[pri:3, instance:petstore.tests.UserModuleTests@6eda5c9]" started-at="2024-01-21T14:20:10 IST" name="updatingUserwithUsername" data-provider="getData" finished-at="2024-01-21T14:20:13 IST" duration-ms="3515" status="PASS">
          <params>
            <param index="0">
              <value>
                <![CDATA[{updatedemail=aba@hotmail.com, firstname=aba, password=qwerty13, userStatus=0, updateduserStatus=1, phone=943318412, updatedphone=9433185413, id=5896, email=aba@gmail.com, username=user2, lastname=roy}]]>
              </value>
            </param>
          </params>
          <reporter-output>
          </reporter-output>
        </test-method> <!-- updatingUserwithUsername -->
        <test-method signature="deletingUserwithUsername(java.util.HashMap)[pri:4, instance:petstore.tests.UserModuleTests@6eda5c9]" started-at="2024-01-21T14:20:13 IST" name="deletingUserwithUsername" data-provider="getData" finished-at="2024-01-21T14:20:15 IST" duration-ms="1580" status="PASS">
          <params>
            <param index="0">
              <value>
                <![CDATA[{updatedemail=ana@hotmail.com, firstname=ana, password=qwerty12, userStatus=0, updateduserStatus=1, phone=8697926110, updatedphone=8697926111, id=1234, email=ana@gmail.com, username=user1, lastname=deb}]]>
              </value>
            </param>
          </params>
          <reporter-output>
          </reporter-output>
        </test-method> <!-- deletingUserwithUsername -->
        <test-method signature="deletingUserwithUsername(java.util.HashMap)[pri:4, instance:petstore.tests.UserModuleTests@6eda5c9]" started-at="2024-01-21T14:20:15 IST" name="deletingUserwithUsername" data-provider="getData" finished-at="2024-01-21T14:20:17 IST" duration-ms="1745" status="PASS">
          <params>
            <param index="0">
              <value>
                <![CDATA[{updatedemail=aba@hotmail.com, firstname=aba, password=qwerty13, userStatus=0, updateduserStatus=1, phone=943318412, updatedphone=9433185413, id=5896, email=aba@gmail.com, username=user2, lastname=roy}]]>
              </value>
            </param>
          </params>
          <reporter-output>
          </reporter-output>
        </test-method> <!-- deletingUserwithUsername -->
      </class> <!-- petstore.tests.UserModuleTests -->
    </test> <!-- User Module Test -->
    <test started-at="2024-01-21T14:20:17 IST" name="Store Module Test" finished-at="2024-01-21T14:20:29 IST" duration-ms="11594">
      <class name="petstore.tests.StoreModuleTests">
        <test-method is-config="true" signature="setUp()[pri:0, instance:petstore.tests.StoreModuleTests@37afeb11]" started-at="2024-01-21T14:20:17 IST" name="setUp" finished-at="2024-01-21T14:20:17 IST" duration-ms="0" status="PASS">
          <reporter-output>
          </reporter-output>
        </test-method> <!-- setUp -->
        <test-method signature="placeOrder(java.util.HashMap)[pri:1, instance:petstore.tests.StoreModuleTests@37afeb11]" started-at="2024-01-21T14:20:17 IST" name="placeOrder" data-provider="getStoreData" finished-at="2024-01-21T14:20:19 IST" duration-ms="1750" status="PASS">
          <params>
            <param index="0">
              <value>
                <![CDATA[{petId=989, quantity=5, id=1, shipDate=2024-01-20T15:23:30.641Z, complete=true, status=placed}]]>
              </value>
            </param>
          </params>
          <reporter-output>
          </reporter-output>
        </test-method> <!-- placeOrder -->
        <test-method signature="placeOrder(java.util.HashMap)[pri:1, instance:petstore.tests.StoreModuleTests@37afeb11]" started-at="2024-01-21T14:20:19 IST" name="placeOrder" data-provider="getStoreData" finished-at="2024-01-21T14:20:20 IST" duration-ms="1566" status="PASS">
          <params>
            <param index="0">
              <value>
                <![CDATA[{petId=856, quantity=12, id=2, shipDate=2024-01-20T18:23:50.641Z, complete=false, status=placed}]]>
              </value>
            </param>
          </params>
          <reporter-output>
          </reporter-output>
        </test-method> <!-- placeOrder -->
        <test-method signature="fetchingOrderwithOrderID(java.util.HashMap)[pri:2, instance:petstore.tests.StoreModuleTests@37afeb11]" started-at="2024-01-21T14:20:20 IST" name="fetchingOrderwithOrderID" data-provider="getStoreData" finished-at="2024-01-21T14:20:22 IST" duration-ms="1568" status="PASS">
          <params>
            <param index="0">
              <value>
                <![CDATA[{petId=989, quantity=5, id=1, shipDate=2024-01-20T15:23:30.641Z, complete=true, status=placed}]]>
              </value>
            </param>
          </params>
          <reporter-output>
          </reporter-output>
        </test-method> <!-- fetchingOrderwithOrderID -->
        <test-method signature="fetchingOrderwithOrderID(java.util.HashMap)[pri:2, instance:petstore.tests.StoreModuleTests@37afeb11]" started-at="2024-01-21T14:20:22 IST" name="fetchingOrderwithOrderID" data-provider="getStoreData" finished-at="2024-01-21T14:20:24 IST" duration-ms="1623" status="PASS">
          <params>
            <param index="0">
              <value>
                <![CDATA[{petId=856, quantity=12, id=2, shipDate=2024-01-20T18:23:50.641Z, complete=false, status=placed}]]>
              </value>
            </param>
          </params>
          <reporter-output>
          </reporter-output>
        </test-method> <!-- fetchingOrderwithOrderID -->
        <test-method signature="deletingOrderwithOrderID(java.util.HashMap)[pri:3, instance:petstore.tests.StoreModuleTests@37afeb11]" started-at="2024-01-21T14:20:24 IST" name="deletingOrderwithOrderID" data-provider="getStoreData" finished-at="2024-01-21T14:20:25 IST" duration-ms="1527" status="PASS">
          <params>
            <param index="0">
              <value>
                <![CDATA[{petId=989, quantity=5, id=1, shipDate=2024-01-20T15:23:30.641Z, complete=true, status=placed}]]>
              </value>
            </param>
          </params>
          <reporter-output>
          </reporter-output>
        </test-method> <!-- deletingOrderwithOrderID -->
        <test-method signature="deletingOrderwithOrderID(java.util.HashMap)[pri:3, instance:petstore.tests.StoreModuleTests@37afeb11]" started-at="2024-01-21T14:20:25 IST" name="deletingOrderwithOrderID" data-provider="getStoreData" finished-at="2024-01-21T14:20:27 IST" duration-ms="1632" status="PASS">
          <params>
            <param index="0">
              <value>
                <![CDATA[{petId=856, quantity=12, id=2, shipDate=2024-01-20T18:23:50.641Z, complete=false, status=placed}]]>
              </value>
            </param>
          </params>
          <reporter-output>
          </reporter-output>
        </test-method> <!-- deletingOrderwithOrderID -->
        <test-method signature="petInventory()[pri:4, instance:petstore.tests.StoreModuleTests@37afeb11]" started-at="2024-01-21T14:20:27 IST" name="petInventory" finished-at="2024-01-21T14:20:29 IST" duration-ms="1683" status="PASS">
          <reporter-output>
          </reporter-output>
        </test-method> <!-- petInventory -->
      </class> <!-- petstore.tests.StoreModuleTests -->
    </test> <!-- Store Module Test -->
    <test started-at="2024-01-21T14:20:29 IST" name="Pet Module Test" finished-at="2024-01-21T14:20:52 IST" duration-ms="23025">
      <class name="petstore.tests.PetModuleTests">
        <test-method is-config="true" signature="setUp()[pri:0, instance:petstore.tests.PetModuleTests@79e2c065]" started-at="2024-01-21T14:20:29 IST" name="setUp" finished-at="2024-01-21T14:20:29 IST" duration-ms="1" status="PASS">
          <reporter-output>
          </reporter-output>
        </test-method> <!-- setUp -->
        <test-method signature="addPet(java.util.HashMap)[pri:1, instance:petstore.tests.PetModuleTests@79e2c065]" started-at="2024-01-21T14:20:29 IST" name="addPet" data-provider="getPetData" finished-at="2024-01-21T14:20:31 IST" duration-ms="1580" status="PASS">
          <params>
            <param index="0">
              <value>
                <![CDATA[{updated_status=pending, updated_name=Albert, category_name=Dog, photoUrls=www.google.com, updated_status1=sold, updated_name1=Charles, tags_name=Dog, category_id=1, name=Doggie, ImagePath=//data//Dog.jpg, id=1, tags_id=1, status=available}]]>
              </value>
            </param>
          </params>
          <reporter-output>
          </reporter-output>
        </test-method> <!-- addPet -->
        <test-method signature="addPet(java.util.HashMap)[pri:1, instance:petstore.tests.PetModuleTests@79e2c065]" started-at="2024-01-21T14:20:31 IST" name="addPet" data-provider="getPetData" finished-at="2024-01-21T14:20:32 IST" duration-ms="1621" status="PASS">
          <params>
            <param index="0">
              <value>
                <![CDATA[{updated_status=sold, updated_name=Persia, category_name=Cat, photoUrls=www.bing.com, updated_status1=available, updated_name1=King, tags_name=Cat, category_id=2, name=Catsie, ImagePath=//data//Cat.jpg, id=2, tags_id=2, status=available}]]>
              </value>
            </param>
          </params>
          <reporter-output>
          </reporter-output>
        </test-method> <!-- addPet -->
        <test-method signature="fetchingPetWithPetId(java.util.HashMap)[pri:2, instance:petstore.tests.PetModuleTests@79e2c065]" started-at="2024-01-21T14:20:32 IST" name="fetchingPetWithPetId" data-provider="getPetData" finished-at="2024-01-21T14:20:34 IST" duration-ms="1429" status="PASS">
          <params>
            <param index="0">
              <value>
                <![CDATA[{updated_status=pending, updated_name=Albert, category_name=Dog, photoUrls=www.google.com, updated_status1=sold, updated_name1=Charles, tags_name=Dog, category_id=1, name=Doggie, ImagePath=//data//Dog.jpg, id=1, tags_id=1, status=available}]]>
              </value>
            </param>
          </params>
          <reporter-output>
          </reporter-output>
        </test-method> <!-- fetchingPetWithPetId -->
        <test-method signature="fetchingPetWithPetId(java.util.HashMap)[pri:2, instance:petstore.tests.PetModuleTests@79e2c065]" started-at="2024-01-21T14:20:34 IST" name="fetchingPetWithPetId" data-provider="getPetData" finished-at="2024-01-21T14:20:35 IST" duration-ms="1585" status="PASS">
          <params>
            <param index="0">
              <value>
                <![CDATA[{updated_status=sold, updated_name=Persia, category_name=Cat, photoUrls=www.bing.com, updated_status1=available, updated_name1=King, tags_name=Cat, category_id=2, name=Catsie, ImagePath=//data//Cat.jpg, id=2, tags_id=2, status=available}]]>
              </value>
            </param>
          </params>
          <reporter-output>
          </reporter-output>
        </test-method> <!-- fetchingPetWithPetId -->
        <test-method signature="fetchingPetWithStatus()[pri:3, instance:petstore.tests.PetModuleTests@79e2c065]" started-at="2024-01-21T14:20:35 IST" name="fetchingPetWithStatus" finished-at="2024-01-21T14:20:37 IST" duration-ms="1997" status="PASS">
          <reporter-output>
          </reporter-output>
        </test-method> <!-- fetchingPetWithStatus -->
        <test-method signature="updatingPet(java.util.HashMap)[pri:4, instance:petstore.tests.PetModuleTests@79e2c065]" started-at="2024-01-21T14:20:37 IST" name="updatingPet" data-provider="getPetData" finished-at="2024-01-21T14:20:39 IST" duration-ms="1554" status="PASS">
          <params>
            <param index="0">
              <value>
                <![CDATA[{updated_status=pending, updated_name=Albert, category_name=Dog, photoUrls=www.google.com, updated_status1=sold, updated_name1=Charles, tags_name=Dog, category_id=1, name=Doggie, ImagePath=//data//Dog.jpg, id=1, tags_id=1, status=available}]]>
              </value>
            </param>
          </params>
          <reporter-output>
          </reporter-output>
        </test-method> <!-- updatingPet -->
        <test-method signature="updatingPet(java.util.HashMap)[pri:4, instance:petstore.tests.PetModuleTests@79e2c065]" started-at="2024-01-21T14:20:39 IST" name="updatingPet" data-provider="getPetData" finished-at="2024-01-21T14:20:40 IST" duration-ms="1533" status="PASS">
          <params>
            <param index="0">
              <value>
                <![CDATA[{updated_status=sold, updated_name=Persia, category_name=Cat, photoUrls=www.bing.com, updated_status1=available, updated_name1=King, tags_name=Cat, category_id=2, name=Catsie, ImagePath=//data//Cat.jpg, id=2, tags_id=2, status=available}]]>
              </value>
            </param>
          </params>
          <reporter-output>
          </reporter-output>
        </test-method> <!-- updatingPet -->
        <test-method signature="updatingPetFormData(java.util.HashMap)[pri:5, instance:petstore.tests.PetModuleTests@79e2c065]" started-at="2024-01-21T14:20:40 IST" name="updatingPetFormData" data-provider="getPetData" finished-at="2024-01-21T14:20:42 IST" duration-ms="1659" status="PASS">
          <params>
            <param index="0">
              <value>
                <![CDATA[{updated_status=pending, updated_name=Albert, category_name=Dog, photoUrls=www.google.com, updated_status1=sold, updated_name1=Charles, tags_name=Dog, category_id=1, name=Doggie, ImagePath=//data//Dog.jpg, id=1, tags_id=1, status=available}]]>
              </value>
            </param>
          </params>
          <reporter-output>
          </reporter-output>
        </test-method> <!-- updatingPetFormData -->
        <test-method signature="updatingPetFormData(java.util.HashMap)[pri:5, instance:petstore.tests.PetModuleTests@79e2c065]" started-at="2024-01-21T14:20:42 IST" name="updatingPetFormData" data-provider="getPetData" finished-at="2024-01-21T14:20:44 IST" duration-ms="1602" status="PASS">
          <params>
            <param index="0">
              <value>
                <![CDATA[{updated_status=sold, updated_name=Persia, category_name=Cat, photoUrls=www.bing.com, updated_status1=available, updated_name1=King, tags_name=Cat, category_id=2, name=Catsie, ImagePath=//data//Cat.jpg, id=2, tags_id=2, status=available}]]>
              </value>
            </param>
          </params>
          <reporter-output>
          </reporter-output>
        </test-method> <!-- updatingPetFormData -->
        <test-method signature="uploadingPetImage(java.util.HashMap)[pri:6, instance:petstore.tests.PetModuleTests@79e2c065]" started-at="2024-01-21T14:20:44 IST" name="uploadingPetImage" data-provider="getPetData" finished-at="2024-01-21T14:20:46 IST" duration-ms="2669" status="PASS">
          <params>
            <param index="0">
              <value>
                <![CDATA[{updated_status=pending, updated_name=Albert, category_name=Dog, photoUrls=www.google.com, updated_status1=sold, updated_name1=Charles, tags_name=Dog, category_id=1, name=Doggie, ImagePath=//data//Dog.jpg, id=1, tags_id=1, status=available}]]>
              </value>
            </param>
          </params>
          <reporter-output>
          </reporter-output>
        </test-method> <!-- uploadingPetImage -->
        <test-method signature="uploadingPetImage(java.util.HashMap)[pri:6, instance:petstore.tests.PetModuleTests@79e2c065]" started-at="2024-01-21T14:20:46 IST" name="uploadingPetImage" data-provider="getPetData" finished-at="2024-01-21T14:20:49 IST" duration-ms="2150" status="PASS">
          <params>
            <param index="0">
              <value>
                <![CDATA[{updated_status=sold, updated_name=Persia, category_name=Cat, photoUrls=www.bing.com, updated_status1=available, updated_name1=King, tags_name=Cat, category_id=2, name=Catsie, ImagePath=//data//Cat.jpg, id=2, tags_id=2, status=available}]]>
              </value>
            </param>
          </params>
          <reporter-output>
          </reporter-output>
        </test-method> <!-- uploadingPetImage -->
        <test-method signature="deletingPet(java.util.HashMap)[pri:7, instance:petstore.tests.PetModuleTests@79e2c065]" started-at="2024-01-21T14:20:49 IST" name="deletingPet" data-provider="getPetData" finished-at="2024-01-21T14:20:50 IST" duration-ms="1694" status="PASS">
          <params>
            <param index="0">
              <value>
                <![CDATA[{updated_status=pending, updated_name=Albert, category_name=Dog, photoUrls=www.google.com, updated_status1=sold, updated_name1=Charles, tags_name=Dog, category_id=1, name=Doggie, ImagePath=//data//Dog.jpg, id=1, tags_id=1, status=available}]]>
              </value>
            </param>
          </params>
          <reporter-output>
          </reporter-output>
        </test-method> <!-- deletingPet -->
        <test-method signature="deletingPet(java.util.HashMap)[pri:7, instance:petstore.tests.PetModuleTests@79e2c065]" started-at="2024-01-21T14:20:50 IST" name="deletingPet" data-provider="getPetData" finished-at="2024-01-21T14:20:52 IST" duration-ms="1604" status="PASS">
          <params>
            <param index="0">
              <value>
                <![CDATA[{updated_status=sold, updated_name=Persia, category_name=Cat, photoUrls=www.bing.com, updated_status1=available, updated_name1=King, tags_name=Cat, category_id=2, name=Catsie, ImagePath=//data//Cat.jpg, id=2, tags_id=2, status=available}]]>
              </value>
            </param>
          </params>
          <reporter-output>
          </reporter-output>
        </test-method> <!-- deletingPet -->
      </class> <!-- petstore.tests.PetModuleTests -->
    </test> <!-- Pet Module Test -->
  </suite> <!-- Suite -->
</testng-results>
